#
# There is insufficient memory for the Java Runtime Environment to continue.
# Native memory allocation (mmap) failed to map 7340032 bytes for G1 virtual space
# Possible reasons:
#   The system is out of physical RAM or swap space
#   The process is running with CompressedOops enabled, and the Java Heap may be blocking the growth of the native heap
# Possible solutions:
#   Reduce memory load on the system
#   Increase physical memory or swap space
#   Check if swap backing store is full
#   Decrease Java heap size (-Xmx/-Xms)
#   Decrease number of Java threads
#   Decrease Java thread stack sizes (-Xss)
#   Set larger code cache with -XX:ReservedCodeCacheSize=
#   JVM is running with Unscaled Compressed Oops mode in which the Java heap is
#     placed in the first 4GB address space. The Java Heap base address is the
#     maximum limit for the native heap growth. Please use -XX:HeapBaseMinAddress
#     to set the Java Heap base and to place the Java Heap above 4GB virtual address.
# This output file may be truncated or incomplete.
#
#  Out of Memory Error (os_windows.cpp:3825), pid=15896, tid=4980
#
# JRE version: OpenJDK Runtime Environment (17.0.10) (build 17.0.10+0--11609105)
# Java VM: OpenJDK 64-Bit Server VM (17.0.10+0--11609105, mixed mode, tiered, compressed oops, compressed class ptrs, g1 gc, windows-amd64)
# No core dump will be written. Minidumps are not enabled by default on client versions of Windows
#

---------------  S U M M A R Y ------------

Command Line: --add-opens=java.base/java.util=ALL-UNNAMED --add-opens=java.base/java.lang=ALL-UNNAMED --add-opens=java.base/java.lang.invoke=ALL-UNNAMED --add-opens=java.prefs/java.util.prefs=ALL-UNNAMED --add-opens=java.base/java.nio.charset=ALL-UNNAMED --add-opens=java.base/java.net=ALL-UNNAMED --add-opens=java.base/java.util.concurrent.atomic=ALL-UNNAMED -Xmx2048m -Dfile.encoding=UTF-8 -Duser.country=US -Duser.language=en -Duser.variant -javaagent:C:\Users\yash9\.gradle\wrapper\dists\gradle-8.7-bin\bhs2wmbdwecv87pi65oeuq5iu\gradle-8.7\lib\agents\gradle-instrumentation-agent-8.7.jar org.gradle.launcher.daemon.bootstrap.GradleDaemon 8.7

Host: 13th Gen Intel(R) Core(TM) i5-1335U, 12 cores, 7G,  Windows 11 , 64 bit Build 22621 (10.0.22621.3672)
Time: Wed Aug  7 00:00:09 2024 Eastern Daylight Time elapsed time: 8.901924 seconds (0d 0h 0m 8s)

---------------  T H R E A D  ---------------

Current thread (0x0000020140a09ca0):  VMThread "VM Thread" [stack: 0x000000b1eab00000,0x000000b1eac00000] [id=4980]

Stack: [0x000000b1eab00000,0x000000b1eac00000]
Native frames: (J=compiled Java code, j=interpreted, Vv=VM code, C=native code)
V  [jvm.dll+0x688de9]
V  [jvm.dll+0x8423da]
V  [jvm.dll+0x84401e]
V  [jvm.dll+0x844683]
V  [jvm.dll+0x24be0f]
V  [jvm.dll+0x685bb9]
V  [jvm.dll+0x67a46a]
V  [jvm.dll+0x30cbab]
V  [jvm.dll+0x314056]
V  [jvm.dll+0x363dce]
V  [jvm.dll+0x363fff]
V  [jvm.dll+0x2e2978]
V  [jvm.dll+0x2e0b54]
V  [jvm.dll+0x2e015c]
V  [jvm.dll+0x32502b]
V  [jvm.dll+0x848d7b]
V  [jvm.dll+0x849ac1]
V  [jvm.dll+0x849fdd]
V  [jvm.dll+0x84a3b4]
V  [jvm.dll+0x84a480]
V  [jvm.dll+0x7f0c7a]
V  [jvm.dll+0x687c65]
C  [ucrtbase.dll+0x29333]
C  [KERNEL32.DLL+0x1257d]
C  [ntdll.dll+0x5af28]

VM_Operation (0x000000b1ec2f6ad0): G1CollectForAllocation, mode: safepoint, requested by thread 0x000002014611deb0


---------------  P R O C E S S  ---------------

Threads class SMR info:
_java_thread_list=0x000002014aaf28f0, length=35, elements={
0x00000201270d21b0, 0x000002014151a030, 0x000002014151aeb0, 0x0000020141505a20,
0x00000201415404c0, 0x00000201415421f0, 0x0000020141544bc0, 0x0000020141550e70,
0x0000020141551920, 0x0000020141552320, 0x00000201409ade10, 0x000002014180a8b0,
0x00000201477ac430, 0x0000020148306010, 0x000002014751bc20, 0x00000201471a9f20,
0x000002014763d420, 0x000002014611e3c0, 0x000002014611deb0, 0x000002014611e8d0,
0x000002014611ede0, 0x000002014611d9a0, 0x000002014611f2f0, 0x000002014611f800,
0x000002014611c050, 0x000002014611ca70, 0x000002014611cf80, 0x000002014611d490,
0x0000020148379be0, 0x0000020148375f20, 0x0000020148374ff0, 0x0000020148378cb0,
0x0000020149542030, 0x000002014abbe7e0, 0x000002014837c970
}

Java Threads: ( => current thread )
  0x00000201270d21b0 JavaThread "main" [_thread_blocked, id=9664, stack(0x000000b1ea500000,0x000000b1ea600000)]
  0x000002014151a030 JavaThread "Reference Handler" daemon [_thread_blocked, id=9680, stack(0x000000b1eac00000,0x000000b1ead00000)]
  0x000002014151aeb0 JavaThread "Finalizer" daemon [_thread_blocked, id=11456, stack(0x000000b1ead00000,0x000000b1eae00000)]
  0x0000020141505a20 JavaThread "Signal Dispatcher" daemon [_thread_blocked, id=2924, stack(0x000000b1eae00000,0x000000b1eaf00000)]
  0x00000201415404c0 JavaThread "Attach Listener" daemon [_thread_blocked, id=25640, stack(0x000000b1eaf00000,0x000000b1eb000000)]
  0x00000201415421f0 JavaThread "Service Thread" daemon [_thread_blocked, id=21188, stack(0x000000b1eb000000,0x000000b1eb100000)]
  0x0000020141544bc0 JavaThread "Monitor Deflation Thread" daemon [_thread_blocked, id=20072, stack(0x000000b1eb100000,0x000000b1eb200000)]
  0x0000020141550e70 JavaThread "C2 CompilerThread0" daemon [_thread_blocked, id=22976, stack(0x000000b1eb200000,0x000000b1eb300000)]
  0x0000020141551920 JavaThread "C1 CompilerThread0" daemon [_thread_blocked, id=7448, stack(0x000000b1eb300000,0x000000b1eb400000)]
  0x0000020141552320 JavaThread "Sweeper thread" daemon [_thread_blocked, id=4712, stack(0x000000b1eb400000,0x000000b1eb500000)]
  0x00000201409ade10 JavaThread "Common-Cleaner" daemon [_thread_blocked, id=20812, stack(0x000000b1eb500000,0x000000b1eb600000)]
  0x000002014180a8b0 JavaThread "Notification Thread" daemon [_thread_blocked, id=6376, stack(0x000000b1eb600000,0x000000b1eb700000)]
  0x00000201477ac430 JavaThread "Daemon health stats" [_thread_blocked, id=19116, stack(0x000000b1ebd00000,0x000000b1ebe00000)]
  0x0000020148306010 JavaThread "Incoming local TCP Connector on port 57578" [_thread_in_native, id=14332, stack(0x000000b1eb800000,0x000000b1eb900000)]
  0x000002014751bc20 JavaThread "Daemon periodic checks" [_thread_blocked, id=18524, stack(0x000000b1ebe00000,0x000000b1ebf00000)]
  0x00000201471a9f20 JavaThread "Daemon" [_thread_blocked, id=2340, stack(0x000000b1ebf00000,0x000000b1ec000000)]
  0x000002014763d420 JavaThread "Handler for socket connection from /127.0.0.1:57578 to /127.0.0.1:57579" [_thread_in_native, id=25024, stack(0x000000b1ec000000,0x000000b1ec100000)]
  0x000002014611e3c0 JavaThread "Cancel handler" [_thread_blocked, id=11836, stack(0x000000b1ec100000,0x000000b1ec200000)]
  0x000002014611deb0 JavaThread "Daemon worker" [_thread_blocked, id=16824, stack(0x000000b1ec200000,0x000000b1ec300000)]
  0x000002014611e8d0 JavaThread "Asynchronous log dispatcher for DefaultDaemonConnection: socket connection from /127.0.0.1:57578 to /127.0.0.1:57579" [_thread_blocked, id=11488, stack(0x000000b1ec300000,0x000000b1ec400000)]
  0x000002014611ede0 JavaThread "Stdin handler" [_thread_blocked, id=1732, stack(0x000000b1ec400000,0x000000b1ec500000)]
  0x000002014611d9a0 JavaThread "Daemon client event forwarder" [_thread_blocked, id=26112, stack(0x000000b1ec500000,0x000000b1ec600000)]
  0x000002014611f2f0 JavaThread "Cache worker for journal cache (C:\Users\yash9\.gradle\caches\journal-1)" [_thread_blocked, id=25364, stack(0x000000b1ecd00000,0x000000b1ece00000)]
  0x000002014611f800 JavaThread "File lock request listener" [_thread_in_native, id=20932, stack(0x000000b1ece00000,0x000000b1ecf00000)]
  0x000002014611c050 JavaThread "Cache worker for file hash cache (C:\Users\yash9\.gradle\caches\8.7\fileHashes)" [_thread_blocked, id=26492, stack(0x000000b1ecf00000,0x000000b1ed000000)]
  0x000002014611ca70 JavaThread "Cache worker for file hash cache (C:\Users\yash9\AndroidStudioProjects\MovieDBApp\.gradle\8.7\fileHashes)" [_thread_blocked, id=24972, stack(0x000000b1ed000000,0x000000b1ed100000)]
  0x000002014611cf80 JavaThread "File watcher server" daemon [_thread_blocked, id=23616, stack(0x000000b1ed100000,0x000000b1ed200000)]
  0x000002014611d490 JavaThread "File watcher consumer" daemon [_thread_blocked, id=19664, stack(0x000000b1ed200000,0x000000b1ed300000)]
  0x0000020148379be0 JavaThread "Cache worker for checksums cache (C:\Users\yash9\AndroidStudioProjects\MovieDBApp\.gradle\8.7\checksums)" [_thread_blocked, id=23900, stack(0x000000b1ed300000,0x000000b1ed400000)]
  0x0000020148375f20 JavaThread "Cache worker for cache directory md-supplier (C:\Users\yash9\.gradle\caches\8.7\md-supplier)" [_thread_blocked, id=1960, stack(0x000000b1ed400000,0x000000b1ed500000)]
  0x0000020148374ff0 JavaThread "Cache worker for cache directory md-rule (C:\Users\yash9\.gradle\caches\8.7\md-rule)" [_thread_blocked, id=20152, stack(0x000000b1ed500000,0x000000b1ed600000)]
  0x0000020148378cb0 JavaThread "Cache worker for file content cache (C:\Users\yash9\.gradle\caches\8.7\fileContent)" [_thread_blocked, id=11556, stack(0x000000b1ed600000,0x000000b1ed700000)]
  0x0000020149542030 JavaThread "C2 CompilerThread1" daemon [_thread_blocked, id=26288, stack(0x000000b1ed700000,0x000000b1ed800000)]
  0x000002014abbe7e0 JavaThread "C2 CompilerThread2" daemon [_thread_blocked, id=1028, stack(0x000000b1ed800000,0x000000b1ed900000)]
  0x000002014837c970 JavaThread "Cache worker for Build Output Cleanup Cache (C:\Users\yash9\AndroidStudioProjects\MovieDBApp\.gradle\buildOutputCleanup)" [_thread_blocked, id=24412, stack(0x000000b1ed900000,0x000000b1eda00000)]

Other Threads:
=>0x0000020140a09ca0 VMThread "VM Thread" [stack: 0x000000b1eab00000,0x000000b1eac00000] [id=4980]
  0x00000201417cd530 WatcherThread [stack: 0x000000b1eb700000,0x000000b1eb800000] [id=23572]
  0x0000020124e8e7d0 GCTaskThread "GC Thread#0" [stack: 0x000000b1ea600000,0x000000b1ea700000] [id=4472]
  0x0000020146ca1a40 GCTaskThread "GC Thread#1" [stack: 0x000000b1eb900000,0x000000b1eba00000] [id=6468]
  0x0000020146c14c80 GCTaskThread "GC Thread#2" [stack: 0x000000b1eba00000,0x000000b1ebb00000] [id=21732]
  0x0000020146d63db0 GCTaskThread "GC Thread#3" [stack: 0x000000b1ebb00000,0x000000b1ebc00000] [id=19684]
  0x00000201469249a0 GCTaskThread "GC Thread#4" [stack: 0x000000b1ebc00000,0x000000b1ebd00000] [id=13000]
  0x00000201468f8020 GCTaskThread "GC Thread#5" [stack: 0x000000b1ec600000,0x000000b1ec700000] [id=11260]
  0x00000201471af370 GCTaskThread "GC Thread#6" [stack: 0x000000b1ec700000,0x000000b1ec800000] [id=4120]
  0x0000020147c98a50 GCTaskThread "GC Thread#7" [stack: 0x000000b1ec800000,0x000000b1ec900000] [id=8628]
  0x00000201473a7c80 GCTaskThread "GC Thread#8" [stack: 0x000000b1ec900000,0x000000b1eca00000] [id=13404]
  0x000002014819b020 GCTaskThread "GC Thread#9" [stack: 0x000000b1eca00000,0x000000b1ecb00000] [id=26208]
  0x000002012713c200 ConcurrentGCThread "G1 Main Marker" [stack: 0x000000b1ea700000,0x000000b1ea800000] [id=17612]
  0x000002012713ca30 ConcurrentGCThread "G1 Conc#0" [stack: 0x000000b1ea800000,0x000000b1ea900000] [id=1004]
  0x0000020147b58050 ConcurrentGCThread "G1 Conc#1" [stack: 0x000000b1ecb00000,0x000000b1ecc00000] [id=21436]
  0x0000020147feebf0 ConcurrentGCThread "G1 Conc#2" [stack: 0x000000b1ecc00000,0x000000b1ecd00000] [id=14008]
  0x000002012717db70 ConcurrentGCThread "G1 Refine#0" [stack: 0x000000b1ea900000,0x000000b1eaa00000] [id=20372]
  0x000002012717e5a0 ConcurrentGCThread "G1 Service" [stack: 0x000000b1eaa00000,0x000000b1eab00000] [id=16180]

Threads with active compile tasks:

VM state: at safepoint (normal execution)

VM Mutex/Monitor currently owned by a thread:  ([mutex/lock_event])
[0x00000201270cec60] Threads_lock - owner thread: 0x0000020140a09ca0
[0x00000201270cf0e0] Heap_lock - owner thread: 0x000002014611deb0

Heap address: 0x0000000080000000, size: 2048 MB, Compressed Oops mode: 32-bit

CDS archive(s) not mapped
Compressed class space mapped at: 0x0000000100000000-0x0000000140000000, reserved size: 1073741824
Narrow klass base: 0x0000000000000000, Narrow klass shift: 3, Narrow klass range: 0x140000000

GC Precious Log:
 CPUs: 12 total, 12 available
 Memory: 7903M
 Large Page Support: Disabled
 NUMA Support: Disabled
 Compressed Oops: Enabled (32-bit)
 Heap Region Size: 1M
 Heap Min Capacity: 8M
 Heap Initial Capacity: 124M
 Heap Max Capacity: 2G
 Pre-touch: Disabled
 Parallel Workers: 10
 Concurrent Workers: 3
 Concurrent Refinement Workers: 10
 Periodic GC: Disabled

Heap:
 garbage-first heap   total 75776K, used 36248K [0x0000000080000000, 0x0000000100000000)
  region size 1024K, 2 young (2048K), 2 survivors (2048K)
 Metaspace       used 55090K, committed 55616K, reserved 1114112K
  class space    used 7613K, committed 7872K, reserved 1048576K

Heap Regions: E=young(eden), S=young(survivor), O=old, HS=humongous(starts), HC=humongous(continues), CS=collection set, F=free, OA=open archive, CA=closed archive, TAMS=top-at-mark-start (previous, next)
|   0|0x0000000080000000, 0x0000000080100000, 0x0000000080100000|100%|HS|  |TAMS 0x0000000080100000, 0x0000000080000000| Complete 
|   1|0x0000000080100000, 0x0000000080200000, 0x0000000080200000|100%|HC|  |TAMS 0x0000000080200000, 0x0000000080100000| Complete 
|   2|0x0000000080200000, 0x0000000080300000, 0x0000000080300000|100%|HC|  |TAMS 0x0000000080300000, 0x0000000080200000| Complete 
|   3|0x0000000080300000, 0x0000000080400000, 0x0000000080400000|100%|HC|  |TAMS 0x0000000080400000, 0x0000000080300000| Complete 
|   4|0x0000000080400000, 0x0000000080500000, 0x0000000080500000|100%| O|  |TAMS 0x0000000080500000, 0x0000000080400000| Untracked 
|   5|0x0000000080500000, 0x0000000080600000, 0x0000000080600000|100%| O|  |TAMS 0x0000000080600000, 0x0000000080500000| Untracked 
|   6|0x0000000080600000, 0x0000000080700000, 0x0000000080700000|100%| O|  |TAMS 0x0000000080700000, 0x0000000080600000| Untracked 
|   7|0x0000000080700000, 0x0000000080800000, 0x0000000080800000|100%| O|  |TAMS 0x0000000080800000, 0x0000000080700000| Untracked 
|   8|0x0000000080800000, 0x0000000080900000, 0x0000000080900000|100%| O|  |TAMS 0x0000000080900000, 0x0000000080800000| Untracked 
|   9|0x0000000080900000, 0x0000000080a00000, 0x0000000080a00000|100%| O|  |TAMS 0x0000000080a00000, 0x0000000080900000| Untracked 
|  10|0x0000000080a00000, 0x0000000080a71200, 0x0000000080b00000| 44%| O|  |TAMS 0x0000000080a71200, 0x0000000080a00000| Complete 
|  11|0x0000000080b00000, 0x0000000080c00000, 0x0000000080c00000|100%| O|  |TAMS 0x0000000080c00000, 0x0000000080b00000| Untracked 
|  12|0x0000000080c00000, 0x0000000080d00000, 0x0000000080d00000|100%| O|  |TAMS 0x0000000080d00000, 0x0000000080c00000| Untracked 
|  13|0x0000000080d00000, 0x0000000080e00000, 0x0000000080e00000|100%| O|  |TAMS 0x0000000080e00000, 0x0000000080d00000| Untracked 
|  14|0x0000000080e00000, 0x0000000080f00000, 0x0000000080f00000|100%| O|  |TAMS 0x0000000080f00000, 0x0000000080e00000| Untracked 
|  15|0x0000000080f00000, 0x0000000081000000, 0x0000000081000000|100%| O|  |TAMS 0x0000000081000000, 0x0000000080f00000| Untracked 
|  16|0x0000000081000000, 0x0000000081100000, 0x0000000081100000|100%| O|  |TAMS 0x0000000081100000, 0x0000000081000000| Untracked 
|  17|0x0000000081100000, 0x0000000081200000, 0x0000000081200000|100%| O|  |TAMS 0x0000000081200000, 0x0000000081100000| Untracked 
|  18|0x0000000081200000, 0x0000000081300000, 0x0000000081300000|100%| O|  |TAMS 0x0000000081300000, 0x0000000081200000| Untracked 
|  19|0x0000000081300000, 0x0000000081400000, 0x0000000081400000|100%| O|  |TAMS 0x0000000081400000, 0x0000000081300000| Untracked 
|  20|0x0000000081400000, 0x0000000081500000, 0x0000000081500000|100%| O|  |TAMS 0x0000000081500000, 0x0000000081400000| Untracked 
|  21|0x0000000081500000, 0x0000000081600000, 0x0000000081600000|100%| O|  |TAMS 0x0000000081600000, 0x0000000081500000| Untracked 
|  22|0x0000000081600000, 0x0000000081700000, 0x0000000081700000|100%| O|  |TAMS 0x0000000081700000, 0x0000000081600000| Untracked 
|  23|0x0000000081700000, 0x0000000081800000, 0x0000000081800000|100%| O|  |TAMS 0x0000000081800000, 0x0000000081700000| Untracked 
|  24|0x0000000081800000, 0x0000000081900000, 0x0000000081900000|100%| O|  |TAMS 0x0000000081900000, 0x0000000081800000| Untracked 
|  25|0x0000000081900000, 0x0000000081a00000, 0x0000000081a00000|100%| O|  |TAMS 0x0000000081a00000, 0x0000000081900000| Untracked 
|  26|0x0000000081a00000, 0x0000000081b00000, 0x0000000081b00000|100%| O|  |TAMS 0x0000000081b00000, 0x0000000081a00000| Untracked 
|  27|0x0000000081b00000, 0x0000000081c00000, 0x0000000081c00000|100%| O|  |TAMS 0x0000000081c00000, 0x0000000081b00000| Untracked 
|  28|0x0000000081c00000, 0x0000000081d00000, 0x0000000081d00000|100%| O|  |TAMS 0x0000000081d00000, 0x0000000081c00000| Untracked 
|  29|0x0000000081d00000, 0x0000000081e00000, 0x0000000081e00000|100%| O|  |TAMS 0x0000000081e00000, 0x0000000081d00000| Untracked 
|  30|0x0000000081e00000, 0x0000000081f00000, 0x0000000081f00000|100%| O|  |TAMS 0x0000000081f00000, 0x0000000081e00000| Untracked 
|  31|0x0000000081f00000, 0x0000000082000000, 0x0000000082000000|100%| O|  |TAMS 0x0000000081f61400, 0x0000000081f00000| Untracked 
|  32|0x0000000082000000, 0x0000000082100000, 0x0000000082100000|100%| O|  |TAMS 0x0000000082000000, 0x0000000082000000| Untracked 
|  33|0x0000000082100000, 0x0000000082100000, 0x0000000082200000|  0%| F|  |TAMS 0x0000000082100000, 0x0000000082100000| Untracked 
|  34|0x0000000082200000, 0x0000000082200000, 0x0000000082300000|  0%| F|  |TAMS 0x0000000082200000, 0x0000000082200000| Untracked 
|  35|0x0000000082300000, 0x00000000823f5000, 0x0000000082400000| 95%| O|  |TAMS 0x0000000082300000, 0x0000000082300000| Untracked 
|  36|0x0000000082400000, 0x0000000082400000, 0x0000000082500000|  0%| F|  |TAMS 0x0000000082400000, 0x0000000082400000| Untracked 
|  37|0x0000000082500000, 0x0000000082500000, 0x0000000082600000|  0%| F|  |TAMS 0x0000000082500000, 0x0000000082500000| Untracked 
|  38|0x0000000082600000, 0x0000000082600000, 0x0000000082700000|  0%| F|  |TAMS 0x0000000082600000, 0x0000000082600000| Untracked 
|  39|0x0000000082700000, 0x0000000082700000, 0x0000000082800000|  0%| F|  |TAMS 0x0000000082700000, 0x0000000082700000| Untracked 
|  40|0x0000000082800000, 0x0000000082800000, 0x0000000082900000|  0%| F|  |TAMS 0x0000000082800000, 0x0000000082800000| Untracked 
|  41|0x0000000082900000, 0x0000000082900000, 0x0000000082a00000|  0%| F|  |TAMS 0x0000000082900000, 0x0000000082900000| Untracked 
|  42|0x0000000082a00000, 0x0000000082a00000, 0x0000000082b00000|  0%| F|  |TAMS 0x0000000082a00000, 0x0000000082a00000| Untracked 
|  43|0x0000000082b00000, 0x0000000082c00000, 0x0000000082c00000|100%| S|CS|TAMS 0x0000000082b00000, 0x0000000082b00000| Complete 
|  44|0x0000000082c00000, 0x0000000082d00000, 0x0000000082d00000|100%| S|CS|TAMS 0x0000000082c00000, 0x0000000082c00000| Complete 
|  45|0x0000000082d00000, 0x0000000082d00000, 0x0000000082e00000|  0%| F|  |TAMS 0x0000000082d00000, 0x0000000082d00000| Untracked 
|  46|0x0000000082e00000, 0x0000000082e00000, 0x0000000082f00000|  0%| F|  |TAMS 0x0000000082e00000, 0x0000000082e00000| Untracked 
|  47|0x0000000082f00000, 0x0000000082f00000, 0x0000000083000000|  0%| F|  |TAMS 0x0000000082f00000, 0x0000000082f00000| Untracked 
|  48|0x0000000083000000, 0x0000000083000000, 0x0000000083100000|  0%| F|  |TAMS 0x0000000083000000, 0x0000000083000000| Untracked 
|  49|0x0000000083100000, 0x0000000083100000, 0x0000000083200000|  0%| F|  |TAMS 0x0000000083100000, 0x0000000083100000| Untracked 
|  50|0x0000000083200000, 0x0000000083200000, 0x0000000083300000|  0%| F|  |TAMS 0x0000000083200000, 0x0000000083200000| Untracked 
|  51|0x0000000083300000, 0x0000000083300000, 0x0000000083400000|  0%| F|  |TAMS 0x0000000083300000, 0x0000000083300000| Untracked 
|  52|0x0000000083400000, 0x0000000083400000, 0x0000000083500000|  0%| F|  |TAMS 0x0000000083400000, 0x0000000083400000| Untracked 
|  53|0x0000000083500000, 0x0000000083500000, 0x0000000083600000|  0%| F|  |TAMS 0x0000000083500000, 0x0000000083500000| Untracked 
|  54|0x0000000083600000, 0x0000000083600000, 0x0000000083700000|  0%| F|  |TAMS 0x0000000083600000, 0x0000000083600000| Untracked 
|  55|0x0000000083700000, 0x0000000083700000, 0x0000000083800000|  0%| F|  |TAMS 0x0000000083700000, 0x0000000083700000| Untracked 
|  56|0x0000000083800000, 0x0000000083800000, 0x0000000083900000|  0%| F|  |TAMS 0x0000000083800000, 0x0000000083800000| Untracked 
|  57|0x0000000083900000, 0x0000000083900000, 0x0000000083a00000|  0%| F|  |TAMS 0x0000000083900000, 0x0000000083900000| Untracked 
|  58|0x0000000083a00000, 0x0000000083a00000, 0x0000000083b00000|  0%| F|  |TAMS 0x0000000083a00000, 0x0000000083a00000| Untracked 
|  59|0x0000000083b00000, 0x0000000083b00000, 0x0000000083c00000|  0%| F|  |TAMS 0x0000000083b00000, 0x0000000083b00000| Untracked 
|  60|0x0000000083c00000, 0x0000000083c00000, 0x0000000083d00000|  0%| F|  |TAMS 0x0000000083c00000, 0x0000000083c00000| Untracked 
|  61|0x0000000083d00000, 0x0000000083d00000, 0x0000000083e00000|  0%| F|  |TAMS 0x0000000083d00000, 0x0000000083d00000| Untracked 
|  62|0x0000000083e00000, 0x0000000083e00000, 0x0000000083f00000|  0%| F|  |TAMS 0x0000000083e00000, 0x0000000083e00000| Untracked 
|  63|0x0000000083f00000, 0x0000000083f00000, 0x0000000084000000|  0%| F|  |TAMS 0x0000000083f00000, 0x0000000083f00000| Untracked 
|  64|0x0000000084000000, 0x0000000084000000, 0x0000000084100000|  0%| F|  |TAMS 0x0000000084000000, 0x0000000084000000| Untracked 
|  65|0x0000000084100000, 0x0000000084100000, 0x0000000084200000|  0%| F|  |TAMS 0x0000000084100000, 0x0000000084100000| Untracked 
|  66|0x0000000084200000, 0x0000000084200000, 0x0000000084300000|  0%| F|  |TAMS 0x0000000084200000, 0x0000000084200000| Untracked 
|  67|0x0000000084300000, 0x0000000084300000, 0x0000000084400000|  0%| F|  |TAMS 0x0000000084300000, 0x0000000084300000| Untracked 
|  68|0x0000000084400000, 0x0000000084400000, 0x0000000084500000|  0%| F|  |TAMS 0x0000000084400000, 0x0000000084400000| Untracked 
|  69|0x0000000084500000, 0x0000000084500000, 0x0000000084600000|  0%| F|  |TAMS 0x0000000084500000, 0x0000000084500000| Untracked 
|  70|0x0000000084600000, 0x0000000084600000, 0x0000000084700000|  0%| F|  |TAMS 0x0000000084600000, 0x0000000084600000| Untracked 
|  71|0x0000000084700000, 0x0000000084700000, 0x0000000084800000|  0%| F|  |TAMS 0x0000000084700000, 0x0000000084700000| Untracked 
|  72|0x0000000084800000, 0x0000000084800000, 0x0000000084900000|  0%| F|  |TAMS 0x0000000084800000, 0x0000000084800000| Untracked 
| 123|0x0000000087b00000, 0x0000000087b00000, 0x0000000087c00000|  0%| F|  |TAMS 0x0000000087b00000, 0x0000000087b00000| Untracked 

Card table byte_map: [0x0000020139f00000,0x000002013a300000] _byte_map_base: 0x0000020139b00000

Marking Bits (Prev, Next): (CMBitMap*) 0x000002012712b170, (CMBitMap*) 0x000002012712b130
 Prev Bits: [0x000002013c700000, 0x000002013e700000)
 Next Bits: [0x000002013a700000, 0x000002013c700000)

Polling page: 0x0000020125000000

Metaspace:

Usage:
  Non-class:     46.36 MB used.
      Class:      7.43 MB used.
       Both:     53.80 MB used.

Virtual space:
  Non-class space:       64.00 MB reserved,      46.62 MB ( 73%) committed,  1 nodes.
      Class space:        1.00 GB reserved,       7.69 MB ( <1%) committed,  1 nodes.
             Both:        1.06 GB reserved,      54.31 MB (  5%) committed. 

Chunk freelists:
   Non-Class:  752.00 KB
       Class:  8.33 MB
        Both:  9.06 MB

MaxMetaspaceSize: unlimited
CompressedClassSpaceSize: 1.00 GB
Initial GC threshold: 21.00 MB
Current GC threshold: 86.81 MB
CDS: off
MetaspaceReclaimPolicy: balanced
 - commit_granule_bytes: 65536.
 - commit_granule_words: 8192.
 - virtual_space_node_default_size: 8388608.
 - enlarge_chunks_in_place: 1.
 - new_chunks_are_fully_committed: 0.
 - uncommit_free_chunks: 1.
 - use_allocation_guard: 0.
 - handle_deallocations: 1.


Internal statistics:

num_allocs_failed_limit: 6.
num_arena_births: 620.
num_arena_deaths: 0.
num_vsnodes_births: 2.
num_vsnodes_deaths: 0.
num_space_committed: 869.
num_space_uncommitted: 0.
num_chunks_returned_to_freelist: 6.
num_chunks_taken_from_freelist: 2451.
num_chunk_merges: 6.
num_chunk_splits: 1607.
num_chunks_enlarged: 1094.
num_inconsistent_stats: 0.

CodeHeap 'non-profiled nmethods': size=120000Kb used=2860Kb max_used=2860Kb free=117139Kb
 bounds [0x0000020132070000, 0x0000020132340000, 0x00000201395a0000]
CodeHeap 'profiled nmethods': size=120000Kb used=9641Kb max_used=9641Kb free=110358Kb
 bounds [0x000002012a5a0000, 0x000002012af10000, 0x0000020131ad0000]
CodeHeap 'non-nmethods': size=5760Kb used=1625Kb max_used=1677Kb free=4134Kb
 bounds [0x0000020131ad0000, 0x0000020131d40000, 0x0000020132070000]
 total_blobs=5481 nmethods=4781 adapters=612
 compilation: enabled
              stopped_count=0, restarted_count=0
 full_count=0

Compilation events (20 events):
Event: 8.877 Thread 0x0000020141550e70 4800 %     4       jdk.internal.org.objectweb.asm.ClassReader::<init> @ 110 (371 bytes)
Event: 8.878 Thread 0x000002014abbe7e0 nmethod 4799 0x0000020132337890 code [0x0000020132337a00, 0x0000020132337b58]
Event: 8.881 Thread 0x0000020149542030 nmethod 4798 0x0000020132337c90 code [0x0000020132337e20, 0x00000201323388b8]
Event: 8.884 Thread 0x0000020141550e70 nmethod 4800% 0x0000020132338c90 code [0x0000020132338e20, 0x00000201323395c8]
Event: 8.886 Thread 0x0000020149542030 4802       4       org.gradle.internal.service.DefaultServiceRegistry$OwnServices::getService (309 bytes)
Event: 8.886 Thread 0x0000020141551920 4801       3       java.lang.reflect.Constructor::getGenericParameterTypes (5 bytes)
Event: 8.887 Thread 0x0000020141551920 nmethod 4801 0x000002012af06790 code [0x000002012af06a20, 0x000002012af079b8]
Event: 8.887 Thread 0x0000020141551920 4803   !   3       org.gradle.cache.internal.DefaultCrossBuildInMemoryCacheFactory$AbstractCrossBuildInMemoryCache::getIfPresent (20 bytes)
Event: 8.887 Thread 0x0000020141551920 nmethod 4803 0x000002012af07e10 code [0x000002012af07fc0, 0x000002012af081e8]
Event: 8.888 Thread 0x000002014abbe7e0 4804       4       java.lang.Class::getInterfaces (49 bytes)
Event: 8.889 Thread 0x0000020141551920 4805       3       org.gradle.internal.instantiation.generator.AsmBackedClassGenerator::generate (6 bytes)
Event: 8.889 Thread 0x0000020141551920 nmethod 4805 0x000002012af08310 code [0x000002012af084a0, 0x000002012af085e8]
Event: 8.889 Thread 0x0000020141551920 4806       3       org.gradle.internal.instantiation.generator.AbstractClassGenerator::generate (58 bytes)
Event: 8.891 Thread 0x0000020141551920 nmethod 4806 0x000002012af08690 code [0x000002012af08880, 0x000002012af08f88]
Event: 8.893 Thread 0x0000020141551920 4807       3       com.google.common.collect.ImmutableList::copyOf (44 bytes)
Event: 8.894 Thread 0x0000020141551920 nmethod 4807 0x000002012af09190 code [0x000002012af093e0, 0x000002012af09d88]
Event: 8.894 Thread 0x0000020141551920 4808       3       com.google.common.collect.ImmutableMap::entrySet (5 bytes)
Event: 8.894 Thread 0x0000020141551920 nmethod 4808 0x000002012af0a090 code [0x000002012af0a240, 0x000002012af0a408]
Event: 8.895 Thread 0x0000020149542030 nmethod 4802 0x0000020132339890 code [0x0000020132339a80, 0x0000020132339fd8]
Event: 8.895 Thread 0x000002014abbe7e0 nmethod 4804 0x000002013233a610 code [0x000002013233a7c0, 0x000002013233ae08]

GC Heap History (20 events):
Event: 3.281 GC heap after
{Heap after GC invocations=5 (full 0):
 garbage-first heap   total 68608K, used 21070K [0x0000000080000000, 0x0000000100000000)
  region size 1024K, 3 young (3072K), 3 survivors (3072K)
 Metaspace       used 26281K, committed 26560K, reserved 1114112K
  class space    used 3386K, committed 3520K, reserved 1048576K
}
Event: 4.406 GC heap before
{Heap before GC invocations=5 (full 0):
 garbage-first heap   total 68608K, used 46670K [0x0000000080000000, 0x0000000100000000)
  region size 1024K, 29 young (29696K), 3 survivors (3072K)
 Metaspace       used 29719K, committed 30016K, reserved 1114112K
  class space    used 3963K, committed 4096K, reserved 1048576K
}
Event: 4.409 GC heap after
{Heap after GC invocations=6 (full 0):
 garbage-first heap   total 68608K, used 22384K [0x0000000080000000, 0x0000000100000000)
  region size 1024K, 4 young (4096K), 4 survivors (4096K)
 Metaspace       used 29719K, committed 30016K, reserved 1114112K
  class space    used 3963K, committed 4096K, reserved 1048576K
}
Event: 5.054 GC heap before
{Heap before GC invocations=6 (full 0):
 garbage-first heap   total 68608K, used 47984K [0x0000000080000000, 0x0000000100000000)
  region size 1024K, 30 young (30720K), 4 survivors (4096K)
 Metaspace       used 33065K, committed 33408K, reserved 1114112K
  class space    used 4521K, committed 4672K, reserved 1048576K
}
Event: 5.058 GC heap after
{Heap after GC invocations=7 (full 0):
 garbage-first heap   total 68608K, used 23647K [0x0000000080000000, 0x0000000100000000)
  region size 1024K, 3 young (3072K), 3 survivors (3072K)
 Metaspace       used 33065K, committed 33408K, reserved 1114112K
  class space    used 4521K, committed 4672K, reserved 1048576K
}
Event: 5.381 GC heap before
{Heap before GC invocations=7 (full 0):
 garbage-first heap   total 68608K, used 40031K [0x0000000080000000, 0x0000000100000000)
  region size 1024K, 20 young (20480K), 3 survivors (3072K)
 Metaspace       used 35703K, committed 35968K, reserved 1114112K
  class space    used 4898K, committed 4992K, reserved 1048576K
}
Event: 5.386 GC heap after
{Heap after GC invocations=8 (full 0):
 garbage-first heap   total 68608K, used 24182K [0x0000000080000000, 0x0000000100000000)
  region size 1024K, 2 young (2048K), 2 survivors (2048K)
 Metaspace       used 35703K, committed 35968K, reserved 1114112K
  class space    used 4898K, committed 4992K, reserved 1048576K
}
Event: 5.958 GC heap before
{Heap before GC invocations=9 (full 0):
 garbage-first heap   total 68608K, used 50806K [0x0000000080000000, 0x0000000100000000)
  region size 1024K, 29 young (29696K), 2 survivors (2048K)
 Metaspace       used 41218K, committed 41536K, reserved 1114112K
  class space    used 5471K, committed 5632K, reserved 1048576K
}
Event: 5.962 GC heap after
{Heap after GC invocations=10 (full 0):
 garbage-first heap   total 68608K, used 27876K [0x0000000080000000, 0x0000000100000000)
  region size 1024K, 4 young (4096K), 4 survivors (4096K)
 Metaspace       used 41218K, committed 41536K, reserved 1114112K
  class space    used 5471K, committed 5632K, reserved 1048576K
}
Event: 6.222 GC heap before
{Heap before GC invocations=10 (full 0):
 garbage-first heap   total 68608K, used 52452K [0x0000000080000000, 0x0000000100000000)
  region size 1024K, 28 young (28672K), 4 survivors (4096K)
 Metaspace       used 42310K, committed 42688K, reserved 1114112K
  class space    used 5647K, committed 5824K, reserved 1048576K
}
Event: 6.227 GC heap after
{Heap after GC invocations=11 (full 0):
 garbage-first heap   total 68608K, used 30061K [0x0000000080000000, 0x0000000100000000)
  region size 1024K, 3 young (3072K), 3 survivors (3072K)
 Metaspace       used 42310K, committed 42688K, reserved 1114112K
  class space    used 5647K, committed 5824K, reserved 1048576K
}
Event: 6.653 GC heap before
{Heap before GC invocations=11 (full 0):
 garbage-first heap   total 68608K, used 52589K [0x0000000080000000, 0x0000000100000000)
  region size 1024K, 25 young (25600K), 3 survivors (3072K)
 Metaspace       used 44501K, committed 44928K, reserved 1114112K
  class space    used 5992K, committed 6208K, reserved 1048576K
}
Event: 6.656 GC heap after
{Heap after GC invocations=12 (full 0):
 garbage-first heap   total 68608K, used 31642K [0x0000000080000000, 0x0000000100000000)
  region size 1024K, 4 young (4096K), 4 survivors (4096K)
 Metaspace       used 44501K, committed 44928K, reserved 1114112K
  class space    used 5992K, committed 6208K, reserved 1048576K
}
Event: 7.088 GC heap before
{Heap before GC invocations=12 (full 0):
 garbage-first heap   total 68608K, used 53146K [0x0000000080000000, 0x0000000100000000)
  region size 1024K, 25 young (25600K), 4 survivors (4096K)
 Metaspace       used 47166K, committed 47616K, reserved 1114112K
  class space    used 6443K, committed 6656K, reserved 1048576K
}
Event: 7.091 GC heap after
{Heap after GC invocations=13 (full 0):
 garbage-first heap   total 68608K, used 32845K [0x0000000080000000, 0x0000000100000000)
  region size 1024K, 3 young (3072K), 3 survivors (3072K)
 Metaspace       used 47166K, committed 47616K, reserved 1114112K
  class space    used 6443K, committed 6656K, reserved 1048576K
}
Event: 7.918 GC heap before
{Heap before GC invocations=13 (full 0):
 garbage-first heap   total 68608K, used 54349K [0x0000000080000000, 0x0000000100000000)
  region size 1024K, 24 young (24576K), 3 survivors (3072K)
 Metaspace       used 50100K, committed 50496K, reserved 1114112K
  class space    used 6902K, committed 7104K, reserved 1048576K
}
Event: 7.922 GC heap after
{Heap after GC invocations=14 (full 0):
 garbage-first heap   total 68608K, used 34258K [0x0000000080000000, 0x0000000100000000)
  region size 1024K, 3 young (3072K), 3 survivors (3072K)
 Metaspace       used 50100K, committed 50496K, reserved 1114112K
  class space    used 6902K, committed 7104K, reserved 1048576K
}
Event: 8.278 GC heap before
{Heap before GC invocations=14 (full 0):
 garbage-first heap   total 68608K, used 51666K [0x0000000080000000, 0x0000000100000000)
  region size 1024K, 22 young (22528K), 3 survivors (3072K)
 Metaspace       used 52278K, committed 52736K, reserved 1114112K
  class space    used 7270K, committed 7488K, reserved 1048576K
}
Event: 8.282 GC heap after
{Heap after GC invocations=15 (full 0):
 garbage-first heap   total 68608K, used 35565K [0x0000000080000000, 0x0000000100000000)
  region size 1024K, 3 young (3072K), 3 survivors (3072K)
 Metaspace       used 52278K, committed 52736K, reserved 1114112K
  class space    used 7270K, committed 7488K, reserved 1048576K
}
Event: 8.897 GC heap before
{Heap before GC invocations=16 (full 0):
 garbage-first heap   total 68608K, used 56045K [0x0000000080000000, 0x0000000100000000)
  region size 1024K, 22 young (22528K), 3 survivors (3072K)
 Metaspace       used 55090K, committed 55616K, reserved 1114112K
  class space    used 7613K, committed 7872K, reserved 1048576K
}

Dll operation events (3 events):
Event: 0.012 Loaded shared library C:\Program Files\Android\Android Studio\jbr\bin\java.dll
Event: 0.157 Loaded shared library C:\Program Files\Android\Android Studio\jbr\bin\zip.dll
Event: 0.434 Loaded shared library C:\Program Files\Android\Android Studio\jbr\bin\verify.dll

Deoptimization events (20 events):
Event: 8.751 Thread 0x000002014611deb0 Uncommon trap: trap_request=0xffffffc6 fr.pc=0x00000201321d2600 relative=0x0000000000000240
Event: 8.751 Thread 0x000002014611deb0 Uncommon trap: reason=bimorphic_or_optimized_type_check action=maybe_recompile pc=0x00000201321d2600 method=com.google.common.base.CharMatcher.indexIn(Ljava/lang/CharSequence;I)I @ 31 c2
Event: 8.751 Thread 0x000002014611deb0 DEOPT PACKING pc=0x00000201321d2600 sp=0x000000b1ec2f9220
Event: 8.751 Thread 0x000002014611deb0 DEOPT UNPACKING pc=0x0000020131b269a3 sp=0x000000b1ec2f91c8 mode 2
Event: 8.758 Thread 0x000002014611deb0 Uncommon trap: trap_request=0xffffffc6 fr.pc=0x00000201321d2600 relative=0x0000000000000240
Event: 8.758 Thread 0x000002014611deb0 Uncommon trap: reason=bimorphic_or_optimized_type_check action=maybe_recompile pc=0x00000201321d2600 method=com.google.common.base.CharMatcher.indexIn(Ljava/lang/CharSequence;I)I @ 31 c2
Event: 8.758 Thread 0x000002014611deb0 DEOPT PACKING pc=0x00000201321d2600 sp=0x000000b1ec2f8af0
Event: 8.758 Thread 0x000002014611deb0 DEOPT UNPACKING pc=0x0000020131b269a3 sp=0x000000b1ec2f8a98 mode 2
Event: 8.788 Thread 0x000002014611deb0 Uncommon trap: trap_request=0xffffffc6 fr.pc=0x000002013228aeac relative=0x000000000000062c
Event: 8.788 Thread 0x000002014611deb0 Uncommon trap: reason=bimorphic_or_optimized_type_check action=maybe_recompile pc=0x000002013228aeac method=java.util.regex.Pattern$Slice.match(Ljava/util/regex/Matcher;ILjava/lang/CharSequence;)Z @ 75 c2
Event: 8.788 Thread 0x000002014611deb0 DEOPT PACKING pc=0x000002013228aeac sp=0x000000b1ec2f7a50
Event: 8.788 Thread 0x000002014611deb0 DEOPT UNPACKING pc=0x0000020131b269a3 sp=0x000000b1ec2f7968 mode 2
Event: 8.792 Thread 0x000002014611deb0 Uncommon trap: trap_request=0xffffffc6 fr.pc=0x00000201322b2018 relative=0x0000000000000958
Event: 8.792 Thread 0x000002014611deb0 Uncommon trap: reason=bimorphic_or_optimized_type_check action=maybe_recompile pc=0x00000201322b2018 method=java.io.DataOutputStream.writeLong(J)V @ 108 c2
Event: 8.792 Thread 0x000002014611deb0 DEOPT PACKING pc=0x00000201322b2018 sp=0x000000b1ec2f7240
Event: 8.792 Thread 0x000002014611deb0 DEOPT UNPACKING pc=0x0000020131b269a3 sp=0x000000b1ec2f7228 mode 2
Event: 8.854 Thread 0x000002014611deb0 Uncommon trap: trap_request=0xffffffc6 fr.pc=0x000002013228aeac relative=0x000000000000062c
Event: 8.854 Thread 0x000002014611deb0 Uncommon trap: reason=bimorphic_or_optimized_type_check action=maybe_recompile pc=0x000002013228aeac method=java.util.regex.Pattern$Slice.match(Ljava/util/regex/Matcher;ILjava/lang/CharSequence;)Z @ 75 c2
Event: 8.854 Thread 0x000002014611deb0 DEOPT PACKING pc=0x000002013228aeac sp=0x000000b1ec2f71f0
Event: 8.854 Thread 0x000002014611deb0 DEOPT UNPACKING pc=0x0000020131b269a3 sp=0x000000b1ec2f7108 mode 2

Classes unloaded (0 events):
No events

Classes redefined (0 events):
No events

Internal exceptions (20 events):
Event: 8.366 Thread 0x000002014611deb0 Exception <a 'java/lang/NoSuchMethodError'{0x00000000848e2448}: 'void java.lang.invoke.DirectMethodHandle$Holder.invokeStatic(java.lang.Object, java.lang.Object, java.lang.Object, java.lang.Object, java.lang.Object, java.lang.Object)'> (0x00000000848e2448) 
thrown [s\src\hotspot\share\interpreter\linkResolver.cpp, line 771]
Event: 8.392 Thread 0x000002014611deb0 Exception <a 'java/lang/NoSuchMethodError'{0x0000000084770210}: 'java.lang.Object java.lang.invoke.DirectMethodHandle$Holder.invokeSpecial(java.lang.Object, java.lang.Object, java.lang.Object, java.lang.Object, java.lang.Object, java.lang.Object, java.lang.Object, java.lang.Object, java.lang.Object, java.lang.Object, java.lang.Object, java.lang.Object, java.lang.Object, java.lang.Object, java.lang.Object, java.lang.Object, java.lang.Object, java.lang.Object, java.lang.Object, java.lang.Object, java.lang.Ob
Event: 8.392 Thread 0x000002014611deb0 Exception <a 'java/lang/NoSuchMethodError'{0x0000000084776478}: 'java.lang.Object java.lang.invoke.DelegatingMethodHandle$Holder.reinvoke_L(java.lang.Object, java.lang.Object, java.lang.Object, java.lang.Object, java.lang.Object, java.lang.Object, java.lang.Object, java.lang.Object, java.lang.Object, java.lang.Object, java.lang.Object, java.lang.Object, java.lang.Object, java.lang.Object, java.lang.Object, java.lang.Object, java.lang.Object, java.lang.Object, java.lang.Object, java.lang.Object, java.lang.O
Event: 8.393 Thread 0x000002014611deb0 Exception <a 'java/lang/NoSuchMethodError'{0x0000000084781ec0}: 'java.lang.Object java.lang.invoke.Invokers$Holder.invoker(java.lang.Object, java.lang.Object, java.lang.Object, java.lang.Object, java.lang.Object, java.lang.Object, java.lang.Object, java.lang.Object, java.lang.Object, java.lang.Object, java.lang.Object, java.lang.Object, java.lang.Object, java.lang.Object, java.lang.Object, java.lang.Object, java.lang.Object, java.lang.Object, java.lang.Object, java.lang.Object, java.lang.Object, java.lang.
Event: 8.393 Thread 0x000002014611deb0 Exception <a 'java/lang/NoSuchMethodError'{0x0000000084788ac0}: 'java.lang.Object java.lang.invoke.DelegatingMethodHandle$Holder.delegate(java.lang.Object, java.lang.Object, java.lang.Object, java.lang.Object, java.lang.Object, java.lang.Object, java.lang.Object, java.lang.Object, java.lang.Object, java.lang.Object, java.lang.Object, java.lang.Object, java.lang.Object, java.lang.Object, java.lang.Object, java.lang.Object, java.lang.Object, java.lang.Object, java.lang.Object, java.lang.Object, java.lang.Obj
Event: 8.409 Thread 0x000002014611deb0 Exception <a 'java/lang/NoSuchMethodError'{0x0000000084670ce8}: 'java.lang.Object java.lang.invoke.DirectMethodHandle$Holder.invokeStatic(java.lang.Object, java.lang.Object, java.lang.Object, java.lang.Object, java.lang.Object, java.lang.Object, java.lang.Object, java.lang.Object, java.lang.Object, java.lang.Object, java.lang.Object, java.lang.Object, java.lang.Object, java.lang.Object, java.lang.Object, java.lang.Object, java.lang.Object, java.lang.Object, java.lang.Object, java.lang.Object, java.lang.Obj
Event: 8.644 Thread 0x000002014611deb0 Exception <a 'java/lang/NoSuchMethodError'{0x000000008415fee0}: static Lorg/gradle/api/internal/catalog/DefaultVersionCatalog;.<clinit>()V> (0x000000008415fee0) 
thrown [s\src\hotspot\share\prims\jni.cpp, line 1108]
Event: 8.652 Thread 0x000002014611deb0 Exception <a 'java/lang/NoSuchMethodError'{0x00000000841afa98}: static [Ljava/lang/Object;.<clinit>()V> (0x00000000841afa98) 
thrown [s\src\hotspot\share\prims\jni.cpp, line 1108]
Event: 8.655 Thread 0x000002014611deb0 Exception <a 'java/lang/NoSuchMethodError'{0x00000000841d55c0}: static Lorg/gradle/api/internal/catalog/DependencyModel;.<clinit>()V> (0x00000000841d55c0) 
thrown [s\src\hotspot\share\prims\jni.cpp, line 1108]
Event: 8.655 Thread 0x000002014611deb0 Exception <a 'java/lang/NoSuchMethodError'{0x00000000841d8d10}: static Lorg/gradle/api/internal/catalog/AbstractContextAwareModel;.<clinit>()V> (0x00000000841d8d10) 
thrown [s\src\hotspot\share\prims\jni.cpp, line 1108]
Event: 8.656 Thread 0x000002014611deb0 Exception <a 'java/lang/NoSuchMethodError'{0x00000000841f23b8}: static Lorg/gradle/api/internal/artifacts/dependencies/AbstractVersionConstraint;.<clinit>()V> (0x00000000841f23b8) 
thrown [s\src\hotspot\share\prims\jni.cpp, line 1108]
Event: 8.668 Thread 0x000002014611deb0 Exception <a 'java/lang/NoSuchMethodError'{0x000000008399f970}: static Lorg/gradle/api/internal/catalog/PluginModel;.<clinit>()V> (0x000000008399f970) 
thrown [s\src\hotspot\share\prims\jni.cpp, line 1108]
Event: 8.669 Thread 0x000002014611deb0 Exception <a 'java/lang/NoSuchMethodError'{0x00000000839b4fa8}: static Lorg/gradle/api/internal/catalog/VersionModel;.<clinit>()V> (0x00000000839b4fa8) 
thrown [s\src\hotspot\share\prims\jni.cpp, line 1108]
Event: 8.673 Thread 0x000002014611deb0 Exception <a 'java/lang/NoSuchMethodError'{0x00000000839d9978}: 'void java.lang.invoke.DirectMethodHandle$Holder.invokeSpecial(java.lang.Object, java.lang.Object, java.lang.Object, int)'> (0x00000000839d9978) 
thrown [s\src\hotspot\share\interpreter\linkResolver.cpp, line 771]
Event: 8.814 Thread 0x000002014611deb0 Exception <a 'java/lang/NoSuchMethodError'{0x00000000835a0240}: 'int java.lang.invoke.DirectMethodHandle$Holder.invokeSpecialIFC(java.lang.Object, java.lang.Object, java.lang.Object)'> (0x00000000835a0240) 
thrown [s\src\hotspot\share\interpreter\linkResolver.cpp, line 771]
Event: 8.866 Thread 0x000002014611deb0 Exception <a 'java/lang/NoSuchMethodError'{0x0000000083143cf0}: 'java.lang.Object java.lang.invoke.DirectMethodHandle$Holder.newInvokeSpecial(java.lang.Object, java.lang.Object, java.lang.Object, java.lang.Object, java.lang.Object, int)'> (0x0000000083143cf0) 
thrown [s\src\hotspot\share\interpreter\linkResolver.cpp, line 771]
Event: 8.867 Thread 0x000002014611deb0 Exception <a 'java/lang/NoSuchMethodError'{0x0000000083149148}: 'java.lang.Object java.lang.invoke.DirectMethodHandle$Holder.invokeSpecial(java.lang.Object, java.lang.Object, java.lang.Object, java.lang.Object, java.lang.Object, java.lang.Object, int)'> (0x0000000083149148) 
thrown [s\src\hotspot\share\interpreter\linkResolver.cpp, line 771]
Event: 8.867 Thread 0x000002014611deb0 Exception <a 'java/lang/NoSuchMethodError'{0x000000008314df28}: 'java.lang.Object java.lang.invoke.Invokers$Holder.linkToTargetMethod(java.lang.Object, java.lang.Object, java.lang.Object, java.lang.Object, int, java.lang.Object)'> (0x000000008314df28) 
thrown [s\src\hotspot\share\interpreter\linkResolver.cpp, line 771]
Event: 8.869 Thread 0x000002014611deb0 Exception <a 'java/lang/NoSuchMethodError'{0x0000000083180400}: 'java.lang.Object java.lang.invoke.DirectMethodHandle$Holder.invokeSpecial(java.lang.Object, java.lang.Object, java.lang.Object, java.lang.Object, java.lang.Object, long)'> (0x0000000083180400) 
thrown [s\src\hotspot\share\interpreter\linkResolver.cpp, line 771]
Event: 8.870 Thread 0x000002014611deb0 Exception <a 'java/lang/NoSuchMethodError'{0x00000000831a34a8}: 'void java.lang.invoke.DirectMethodHandle$Holder.invokeStatic(java.lang.Object, java.lang.Object, java.lang.Object, int, java.lang.Object)'> (0x00000000831a34a8) 
thrown [s\src\hotspot\share\interpreter\linkResolver.cpp, line 771]

VM Operations (20 events):
Event: 6.650 Executing VM operation: HandshakeAllThreads done
Event: 6.653 Executing VM operation: G1CollectForAllocation
Event: 6.656 Executing VM operation: G1CollectForAllocation done
Event: 6.901 Executing VM operation: HandshakeAllThreads
Event: 6.901 Executing VM operation: HandshakeAllThreads done
Event: 7.088 Executing VM operation: G1CollectForAllocation
Event: 7.091 Executing VM operation: G1CollectForAllocation done
Event: 7.916 Executing VM operation: HandshakeAllThreads
Event: 7.916 Executing VM operation: HandshakeAllThreads done
Event: 7.918 Executing VM operation: G1CollectForAllocation
Event: 7.922 Executing VM operation: G1CollectForAllocation done
Event: 8.278 Executing VM operation: G1TryInitiateConcMark
Event: 8.282 Executing VM operation: G1TryInitiateConcMark done
Event: 8.299 Executing VM operation: G1PauseRemark
Event: 8.314 Executing VM operation: G1PauseRemark done
Event: 8.323 Executing VM operation: G1PauseCleanup
Event: 8.323 Executing VM operation: G1PauseCleanup done
Event: 8.647 Executing VM operation: HandshakeAllThreads
Event: 8.647 Executing VM operation: HandshakeAllThreads done
Event: 8.897 Executing VM operation: G1CollectForAllocation

Events (20 events):
Event: 8.705 loading class sun/util/logging/PlatformLogger$ConfigurableBridge$LoggerConfiguration done
Event: 8.705 loading class sun/util/logging/internal/LoggingProviderImpl$JULWrapper done
Event: 8.705 loading class java/io/ObjectInputFilter
Event: 8.705 loading class java/io/ObjectInputFilter done
Event: 8.706 loading class java/io/ObjectInputFilter$Config$BuiltinFilterFactory
Event: 8.706 loading class java/io/ObjectInputFilter$Config$BuiltinFilterFactory done
Event: 8.706 loading class jdk/internal/access/JavaObjectInputFilterAccess
Event: 8.706 loading class jdk/internal/access/JavaObjectInputFilterAccess done
Event: 8.706 loading class java/lang/System$Logger$Level
Event: 8.706 loading class java/lang/System$Logger$Level done
Event: 8.706 loading class jdk/internal/event/DeserializationEvent
Event: 8.707 loading class jdk/internal/event/DeserializationEvent done
Event: 8.707 loading class java/io/ObjectInputStream$FieldValues
Event: 8.707 loading class java/io/ObjectInputStream$GetField
Event: 8.707 loading class java/io/ObjectInputStream$GetField done
Event: 8.707 loading class java/io/ObjectInputStream$FieldValues done
Event: 8.710 loading class sun/reflect/ReflectionFactory
Event: 8.711 loading class sun/reflect/ReflectionFactory done
Event: 8.711 loading class sun/reflect/ReflectionFactory$1
Event: 8.711 loading class sun/reflect/ReflectionFactory$1 done


Dynamic libraries:
0x00007ff632f00000 - 0x00007ff632f0a000 	C:\Program Files\Android\Android Studio\jbr\bin\java.exe
0x00007ff966df0000 - 0x00007ff967007000 	C:\windows\SYSTEM32\ntdll.dll
0x00007ff964bc0000 - 0x00007ff964c84000 	C:\windows\System32\KERNEL32.DLL
0x00007ff964380000 - 0x00007ff96472d000 	C:\windows\System32\KERNELBASE.dll
0x00007ff9647f0000 - 0x00007ff964901000 	C:\windows\System32\ucrtbase.dll
0x00007ff9352a0000 - 0x00007ff9352bb000 	C:\Program Files\Android\Android Studio\jbr\bin\VCRUNTIME140.dll
0x00007ff9461d0000 - 0x00007ff9461e7000 	C:\Program Files\Android\Android Studio\jbr\bin\jli.dll
0x00007ff966b70000 - 0x00007ff966d1e000 	C:\windows\System32\USER32.dll
0x00007ff9642e0000 - 0x00007ff964306000 	C:\windows\System32\win32u.dll
0x00007ff964d40000 - 0x00007ff964d69000 	C:\windows\System32\GDI32.dll
0x00007ff9641c0000 - 0x00007ff9642d9000 	C:\windows\System32\gdi32full.dll
0x00007ff957c50000 - 0x00007ff957ee3000 	C:\windows\WinSxS\amd64_microsoft.windows.common-controls_6595b64144ccf1df_6.0.22621.3672_none_2713b9d173822955\COMCTL32.dll
0x00007ff964120000 - 0x00007ff9641ba000 	C:\windows\System32\msvcp_win.dll
0x00007ff9667c0000 - 0x00007ff966867000 	C:\windows\System32\msvcrt.dll
0x00007ff9655f0000 - 0x00007ff965621000 	C:\windows\System32\IMM32.DLL
0x00007ff9463c0000 - 0x00007ff9463cc000 	C:\Program Files\Android\Android Studio\jbr\bin\vcruntime140_1.dll
0x00007ff90e860000 - 0x00007ff90e8ed000 	C:\Program Files\Android\Android Studio\jbr\bin\msvcp140.dll
0x00007ff8c6090000 - 0x00007ff8c6d13000 	C:\Program Files\Android\Android Studio\jbr\bin\server\jvm.dll
0x00007ff9669b0000 - 0x00007ff966a62000 	C:\windows\System32\ADVAPI32.dll
0x00007ff9664d0000 - 0x00007ff966579000 	C:\windows\System32\sechost.dll
0x00007ff964a80000 - 0x00007ff964aa8000 	C:\windows\System32\bcrypt.dll
0x00007ff966890000 - 0x00007ff9669a4000 	C:\windows\System32\RPCRT4.dll
0x00007ff95ce80000 - 0x00007ff95ceb4000 	C:\windows\SYSTEM32\WINMM.dll
0x00007ff963e30000 - 0x00007ff963e7d000 	C:\windows\SYSTEM32\POWRPROF.dll
0x00007ff9569d0000 - 0x00007ff9569da000 	C:\windows\SYSTEM32\VERSION.dll
0x00007ff94c240000 - 0x00007ff94c249000 	C:\windows\SYSTEM32\WSOCK32.dll
0x00007ff964b30000 - 0x00007ff964ba1000 	C:\windows\System32\WS2_32.dll
0x00007ff963e10000 - 0x00007ff963e23000 	C:\windows\SYSTEM32\UMPDC.dll
0x00007ff963110000 - 0x00007ff963128000 	C:\windows\SYSTEM32\kernel.appcore.dll
0x00007ff959180000 - 0x00007ff95918a000 	C:\Program Files\Android\Android Studio\jbr\bin\jimage.dll
0x00007ff961590000 - 0x00007ff9617c2000 	C:\windows\SYSTEM32\DBGHELP.DLL
0x00007ff965020000 - 0x00007ff9653a8000 	C:\windows\System32\combase.dll
0x00007ff966650000 - 0x00007ff966727000 	C:\windows\System32\OLEAUT32.dll
0x00007ff94abd0000 - 0x00007ff94ac02000 	C:\windows\SYSTEM32\dbgcore.DLL
0x00007ff964ab0000 - 0x00007ff964b2b000 	C:\windows\System32\bcryptPrimitives.dll
0x00007ff9465f0000 - 0x00007ff9465fe000 	C:\Program Files\Android\Android Studio\jbr\bin\instrument.dll
0x00007ff94c960000 - 0x00007ff94c985000 	C:\Program Files\Android\Android Studio\jbr\bin\java.dll
0x00007ff94ccb0000 - 0x00007ff94ccc8000 	C:\Program Files\Android\Android Studio\jbr\bin\zip.dll
0x00007ff965c70000 - 0x00007ff9664cf000 	C:\windows\System32\SHELL32.dll
0x00007ff962020000 - 0x00007ff96291c000 	C:\windows\SYSTEM32\windows.storage.dll
0x00007ff961ee0000 - 0x00007ff96201f000 	C:\windows\SYSTEM32\wintypes.dll
0x00007ff964d70000 - 0x00007ff964e64000 	C:\windows\System32\SHCORE.dll
0x00007ff9665f0000 - 0x00007ff96664e000 	C:\windows\System32\shlwapi.dll
0x00007ff964050000 - 0x00007ff964071000 	C:\windows\SYSTEM32\profapi.dll
0x00007ff94c2c0000 - 0x00007ff94c2d9000 	C:\Program Files\Android\Android Studio\jbr\bin\net.dll
0x00007ff9605f0000 - 0x00007ff960726000 	C:\windows\SYSTEM32\WINHTTP.dll
0x00007ff963570000 - 0x00007ff9635d9000 	C:\windows\system32\mswsock.dll
0x00007ff9498c0000 - 0x00007ff9498d6000 	C:\Program Files\Android\Android Studio\jbr\bin\nio.dll
0x00007ff946600000 - 0x00007ff946610000 	C:\Program Files\Android\Android Studio\jbr\bin\verify.dll
0x00007ff935c80000 - 0x00007ff935ca7000 	C:\Users\yash9\.gradle\native\c067742578af261105cb4f569cf0c3c89f3d7b1fecec35dd04571415982c5e48\windows-amd64\native-platform.dll
0x00007ff8fe7b0000 - 0x00007ff8fe8f4000 	C:\Users\yash9\.gradle\native\38dada09dfb8b06ba9b0570ebf7e218e3eb74d4ef43ca46872605cf95ebc2f47\windows-amd64\native-platform-file-events.dll
0x00007ff94c310000 - 0x00007ff94c319000 	C:\Program Files\Android\Android Studio\jbr\bin\management.dll
0x00007ff94c2f0000 - 0x00007ff94c2fb000 	C:\Program Files\Android\Android Studio\jbr\bin\management_ext.dll
0x00007ff964bb0000 - 0x00007ff964bb8000 	C:\windows\System32\PSAPI.DLL
0x00007ff963860000 - 0x00007ff96387b000 	C:\windows\SYSTEM32\CRYPTSP.dll
0x00007ff963070000 - 0x00007ff9630a5000 	C:\windows\system32\rsaenh.dll
0x00007ff963610000 - 0x00007ff963638000 	C:\windows\SYSTEM32\USERENV.dll
0x00007ff963770000 - 0x00007ff96377c000 	C:\windows\SYSTEM32\CRYPTBASE.dll
0x00007ff962c10000 - 0x00007ff962c3d000 	C:\windows\SYSTEM32\IPHLPAPI.DLL
0x00007ff965c10000 - 0x00007ff965c19000 	C:\windows\System32\NSI.dll
0x00007ff9605d0000 - 0x00007ff9605e9000 	C:\windows\SYSTEM32\dhcpcsvc6.DLL
0x00007ff960510000 - 0x00007ff96052f000 	C:\windows\SYSTEM32\dhcpcsvc.DLL
0x00007ff962c40000 - 0x00007ff962d38000 	C:\windows\SYSTEM32\DNSAPI.dll
0x00007ff94cd00000 - 0x00007ff94cd09000 	C:\Program Files\Android\Android Studio\jbr\bin\extnet.dll
0x00007ff925f10000 - 0x00007ff925f18000 	C:\windows\system32\wshunix.dll

dbghelp: loaded successfully - version: 4.0.5 - missing functions: none
symbol engine: initialized successfully - sym options: 0x614 - pdb path: .;C:\Program Files\Android\Android Studio\jbr\bin;C:\windows\SYSTEM32;C:\windows\WinSxS\amd64_microsoft.windows.common-controls_6595b64144ccf1df_6.0.22621.3672_none_2713b9d173822955;C:\Program Files\Android\Android Studio\jbr\bin\server;C:\Users\yash9\.gradle\native\c067742578af261105cb4f569cf0c3c89f3d7b1fecec35dd04571415982c5e48\windows-amd64;C:\Users\yash9\.gradle\native\38dada09dfb8b06ba9b0570ebf7e218e3eb74d4ef43ca46872605cf95ebc2f47\windows-amd64

VM Arguments:
jvm_args: --add-opens=java.base/java.util=ALL-UNNAMED --add-opens=java.base/java.lang=ALL-UNNAMED --add-opens=java.base/java.lang.invoke=ALL-UNNAMED --add-opens=java.prefs/java.util.prefs=ALL-UNNAMED --add-opens=java.base/java.nio.charset=ALL-UNNAMED --add-opens=java.base/java.net=ALL-UNNAMED --add-opens=java.base/java.util.concurrent.atomic=ALL-UNNAMED -Xmx2048m -Dfile.encoding=UTF-8 -Duser.country=US -Duser.language=en -Duser.variant -javaagent:C:\Users\yash9\.gradle\wrapper\dists\gradle-8.7-bin\bhs2wmbdwecv87pi65oeuq5iu\gradle-8.7\lib\agents\gradle-instrumentation-agent-8.7.jar 
java_command: org.gradle.launcher.daemon.bootstrap.GradleDaemon 8.7
java_class_path (initial): C:\Users\yash9\.gradle\wrapper\dists\gradle-8.7-bin\bhs2wmbdwecv87pi65oeuq5iu\gradle-8.7\lib\gradle-launcher-8.7.jar
Launcher Type: SUN_STANDARD

[Global flags]
     intx CICompilerCount                          = 4                                         {product} {ergonomic}
     uint ConcGCThreads                            = 3                                         {product} {ergonomic}
     uint G1ConcRefinementThreads                  = 10                                        {product} {ergonomic}
   size_t G1HeapRegionSize                         = 1048576                                   {product} {ergonomic}
    uintx GCDrainStackTargetSize                   = 64                                        {product} {ergonomic}
   size_t InitialHeapSize                          = 130023424                                 {product} {ergonomic}
   size_t MarkStackSize                            = 4194304                                   {product} {ergonomic}
   size_t MaxHeapSize                              = 2147483648                                {product} {command line}
   size_t MaxNewSize                               = 1287651328                                {product} {ergonomic}
   size_t MinHeapDeltaBytes                        = 1048576                                   {product} {ergonomic}
   size_t MinHeapSize                              = 8388608                                   {product} {ergonomic}
    uintx NonNMethodCodeHeapSize                   = 5839372                                {pd product} {ergonomic}
    uintx NonProfiledCodeHeapSize                  = 122909434                              {pd product} {ergonomic}
    uintx ProfiledCodeHeapSize                     = 122909434                              {pd product} {ergonomic}
    uintx ReservedCodeCacheSize                    = 251658240                              {pd product} {ergonomic}
     bool SegmentedCodeCache                       = true                                      {product} {ergonomic}
   size_t SoftMaxHeapSize                          = 2147483648                             {manageable} {ergonomic}
     bool UseCompressedClassPointers               = true                           {product lp64_product} {ergonomic}
     bool UseCompressedOops                        = true                           {product lp64_product} {ergonomic}
     bool UseG1GC                                  = true                                      {product} {ergonomic}
     bool UseLargePagesIndividualAllocation        = false                                  {pd product} {ergonomic}

Logging:
Log output configuration:
 #0: stdout all=warning uptime,level,tags
 #1: stderr all=off uptime,level,tags

Environment Variables:
PATH=C:\windows\system32;C:\windows;C:\windows\System32\Wbem;C:\windows\System32\WindowsPowerShell\v1.0\;C:\windows\System32\OpenSSH\;C:\Program Files (x86)\Microsoft SQL Server\160\Tools\Binn\;C:\Program Files\Microsoft SQL Server\160\Tools\Binn\;C:\Program Files\Microsoft SQL Server\Client SDK\ODBC\170\Tools\Binn\;C:\Program Files\Microsoft SQL Server\160\DTS\Binn\;C:\Program Files (x86)\Microsoft SQL Server\160\DTS\Binn\;C:\Program Files\nodejs\;C:\Program Files\Microsoft SQL Server\150\Tools\Binn\;C:\Program Files\dotnet\;C:\xampp\php;C:\composer;C:\Program Files\Git\cmd;C:\Program Files\Docker\Docker\resources\bin;C:\Users\yash9\AppData\Local\Programs\Python\Python312\Scripts\;C:\Users\yash9\AppData\Local\Programs\Python\Python312\;C:\Users\yash9\AppData\Local\Programs\Python\Launcher\;C:\Users\yash9\AppData\Local\Microsoft\WindowsApps;C:\Users\yash9\AppData\Local\Programs\Microsoft VS Code\bin;C:\Users\yash9\AppData\Roaming\npm;C:\Users\yash9\.dotnet\tools;C:\Users\yash9\AppData\Roaming\Composer\vendor\bin
USERNAME=yash9
OS=Windows_NT
PROCESSOR_IDENTIFIER=Intel64 Family 6 Model 186 Stepping 3, GenuineIntel
TMP=C:\Users\yash9\AppData\Local\Temp
TEMP=C:\Users\yash9\AppData\Local\Temp



Periodic native trim disabled

JNI global refs:
JNI global refs: 26, weak refs: 0

JNI global refs memory usage: 843, weak refs: 841

OOME stack traces (most recent first):
Classloader memory used:
Loader org.gradle.internal.classloader.VisitableURLClassLoader                         : 3340K
Loader bootstrap                                                                       : 2408K
Loader org.gradle.initialization.MixInLegacyTypesClassLoader                           : 1016K
Loader jdk.internal.loader.ClassLoaders$PlatformClassLoader                            : 65560B
Loader jdk.internal.loader.ClassLoaders$AppClassLoader                                 : 28714B
Loader jdk.internal.reflect.DelegatingClassLoader                                      : 16660B
Loader org.gradle.internal.classloader.VisitableURLClassLoader                         : 13104B

Classes loaded by more than one classloader:
Class Program                                                                         : loaded 3 times (x 70B)
Class org.gradle.internal.classpath.ClassPath                                         : loaded 2 times (x 68B)
Class org.gradle.api.internal.classpath.DefaultModuleRegistry                         : loaded 2 times (x 84B)
Class Settings_gradle$1$1                                                             : loaded 2 times (x 72B)
Class org.gradle.api.Action                                                           : loaded 2 times (x 68B)
Class org.gradle.api.internal.DefaultClassPathProvider                                : loaded 2 times (x 74B)
Class org.gradle.internal.installation.GradleInstallation$1                           : loaded 2 times (x 73B)
Class org.gradle.internal.classloader.FilteringClassLoader                            : loaded 2 times (x 103B)
Class org.gradle.internal.classpath.DefaultClassPath$ImmutableUniqueList$Builder      : loaded 2 times (x 73B)
Class org.gradle.internal.classloader.ClassLoaderVisitor                              : loaded 2 times (x 74B)
Class org.gradle.internal.service.DefaultServiceLocator                               : loaded 2 times (x 81B)
Class org.gradle.internal.service.UnknownServiceException                             : loaded 2 times (x 81B)
Class org.gradle.internal.classloader.DefaultClassLoaderFactory                       : loaded 2 times (x 80B)
Class org.gradle.internal.classloader.VisitableURLClassLoader$Spec                    : loaded 2 times (x 72B)
Class org.gradle.api.GradleException                                                  : loaded 2 times (x 80B)
Class org.gradle.api.internal.classpath.ModuleRegistry                                : loaded 2 times (x 68B)
Class org.gradle.api.internal.ClassPathProvider                                       : loaded 2 times (x 68B)
Class org.gradle.internal.classloader.ClasspathUtil$1                                 : loaded 2 times (x 74B)
Class org.gradle.internal.classloader.ClassLoaderFactory                              : loaded 2 times (x 68B)
Class org.gradle.api.internal.classpath.ManifestUtil                                  : loaded 2 times (x 69B)
Class org.gradle.api.specs.Spec                                                       : loaded 2 times (x 68B)
Class org.gradle.internal.IoActions                                                   : loaded 2 times (x 69B)
Class org.gradle.api.internal.classpath.EffectiveClassPath                            : loaded 2 times (x 88B)
Class org.gradle.internal.installation.CurrentGradleInstallation                      : loaded 2 times (x 71B)
Class org.gradle.internal.agents.InstrumentingClassLoader                             : loaded 2 times (x 68B)
Class org.gradle.internal.installation.CurrentGradleInstallationLocator               : loaded 2 times (x 69B)
Class org.gradle.api.internal.classpath.Module                                        : loaded 2 times (x 68B)
Class org.gradle.internal.service.CachingServiceLocator                               : loaded 2 times (x 80B)
Class org.gradle.internal.classpath.DefaultClassPath                                  : loaded 2 times (x 88B)
Class org.gradle.internal.classloader.SystemClassLoaderSpec                           : loaded 2 times (x 69B)
Class org.gradle.api.UncheckedIOException                                             : loaded 2 times (x 80B)
Class org.gradle.internal.installation.GradleInstallation                             : loaded 2 times (x 73B)
Class org.gradle.internal.classloader.ClasspathUtil                                   : loaded 2 times (x 69B)
Class org.gradle.api.internal.DefaultClassPathRegistry                                : loaded 2 times (x 74B)
Class org.gradle.api.internal.classpath.DefaultModuleRegistry$DefaultModule           : loaded 2 times (x 84B)
Class org.gradle.api.internal.classpath.UnknownModuleException                        : loaded 2 times (x 80B)
Class org.gradle.internal.service.ServiceLookupException                              : loaded 2 times (x 80B)
Class org.gradle.cache.GlobalCache                                                    : loaded 2 times (x 68B)
Class [Lorg.gradle.api.internal.ClassPathProvider;                                    : loaded 2 times (x 67B)
Class org.gradle.util.internal.GUtil                                                  : loaded 2 times (x 69B)
Class org.gradle.internal.classloader.ClassLoaderSpec                                 : loaded 2 times (x 69B)
Class org.gradle.internal.classloader.VisitableURLClassLoader                         : loaded 2 times (x 115B)
Class org.gradle.internal.Cast                                                        : loaded 2 times (x 69B)
Class org.gradle.api.internal.ClassPathRegistry                                       : loaded 2 times (x 68B)
Class org.gradle.internal.classloader.VisitableURLClassLoader$InstrumentingVisitableURLClassLoader: loaded 2 times (x 121B)
Class org.gradle.internal.classloader.ClassLoaderHierarchy                            : loaded 2 times (x 68B)
Class org.gradle.internal.InternalTransformer                                         : loaded 2 times (x 68B)
Class org.gradle.internal.service.ServiceLocator                                      : loaded 2 times (x 68B)
Class Settings_gradle$1                                                               : loaded 2 times (x 72B)
Class org.gradle.internal.classpath.DefaultClassPath$ImmutableUniqueList              : loaded 2 times (x 159B)
Class org.gradle.internal.classpath.TransformedClassPath                              : loaded 2 times (x 94B)
Class Settings_gradle                                                                 : loaded 2 times (x 126B)


---------------  S Y S T E M  ---------------

OS:
 Windows 11 , 64 bit Build 22621 (10.0.22621.3672)
OS uptime: 3 days 3:05 hours
Hyper-V role detected

CPU: total 12 (initial active 12) (6 cores per cpu, 2 threads per core) family 6 model 186 stepping 3 microcode 0x4121, cx8, cmov, fxsr, ht, mmx, 3dnowpref, sse, sse2, sse3, ssse3, sse4.1, sse4.2, popcnt, lzcnt, tsc, tscinvbit, avx, avx2, aes, erms, clmul, bmi1, bmi2, adx, sha, fma, vzeroupper, clflush, clflushopt, clwb, hv
Processor Information for processor 0
  Max Mhz: 1300, Current Mhz: 1300, Mhz Limit: 1300
Processor Information for processor 1
  Max Mhz: 1300, Current Mhz: 1300, Mhz Limit: 1300
Processor Information for processor 2
  Max Mhz: 1300, Current Mhz: 1300, Mhz Limit: 1300
Processor Information for processor 3
  Max Mhz: 1300, Current Mhz: 1300, Mhz Limit: 1300
Processor Information for processor 4
  Max Mhz: 1300, Current Mhz: 900, Mhz Limit: 897
Processor Information for processor 5
  Max Mhz: 1300, Current Mhz: 900, Mhz Limit: 897
Processor Information for processor 6
  Max Mhz: 1300, Current Mhz: 900, Mhz Limit: 897
Processor Information for processor 7
  Max Mhz: 1300, Current Mhz: 900, Mhz Limit: 897
Processor Information for processor 8
  Max Mhz: 1300, Current Mhz: 900, Mhz Limit: 897
Processor Information for processor 9
  Max Mhz: 1300, Current Mhz: 900, Mhz Limit: 897
Processor Information for processor 10
  Max Mhz: 1300, Current Mhz: 900, Mhz Limit: 897
Processor Information for processor 11
  Max Mhz: 1300, Current Mhz: 900, Mhz Limit: 897

Memory: 4k page, system-wide physical 7903M (706M free)
TotalPageFile size 32479M (AvailPageFile size 6M)
current process WorkingSet (physical memory assigned to process): 201M, peak: 209M
current process commit charge ("private bytes"): 284M, peak: 292M

vm_info: OpenJDK 64-Bit Server VM (17.0.10+0--11609105) for windows-amd64 JRE (17.0.10+0--11609105), built on Mar 21 2024 19:10:56 by "androidbuild" with MS VC++ 16.10 / 16.11 (VS2019)

END.
